Base path: C:/Program Files (x86)/Unity/Editor/Data
Pipe name: \\.\pipe\UnityShaderCompiler-1-3468
Cmd: getPlatforms
Cmd: preprocess
  insize=3406 outsize=2639 ok=1
Cmd: compileSnippet
  api=4 type=0 insize=508 outsize=4362 kw=DIRECTIONAL SHADOWS_OFF LIGHTMAP_OFF DIRLIGHTMAP_OFF ok=1
Cmd: compileSnippet
  api=4 type=1 insize=508 outsize=3582 kw=DIRECTIONAL SHADOWS_OFF LIGHTMAP_OFF DIRLIGHTMAP_OFF ok=1
Cmd: compileSnippet
  api=4 type=0 insize=506 outsize=4873 kw=POINT ok=1
Cmd: compileSnippet
  api=4 type=1 insize=506 outsize=3638 kw=POINT ok=1
Cmd: compileSnippet
  api=4 type=0 insize=515 outsize=1404 kw=SHADOWS_DEPTH ok=1
Cmd: compileSnippet
  api=4 type=1 insize=515 outsize=437 kw=SHADOWS_DEPTH ok=1
Cmd: preprocess
  insize=2575 outsize=2241 ok=1
Cmd: compileSnippet
  api=4 type=0 insize=449 outsize=1477 kw= ok=1
Cmd: compileSnippet
  api=4 type=1 insize=449 outsize=632 kw= ok=1
Cmd: compileSnippet
  api=4 type=0 insize=488 outsize=4565 kw=LIGHTMAP_OFF DIRLIGHTMAP_OFF HDR_LIGHT_PREPASS_OFF ok=1
Cmd: compileSnippet
  api=4 type=1 insize=488 outsize=5694 kw=LIGHTMAP_OFF DIRLIGHTMAP_OFF HDR_LIGHT_PREPASS_OFF ok=1
Cmd: preprocess
  insize=1149 outsize=398 ok=1
Cmd: compileSnippet
  api=4 type=0 insize=1050 outsize=1664 kw= ok=1
Cmd: compileSnippet
  api=4 type=1 insize=1050 outsize=1144 kw= ok=1
Cmd: preprocess
  insize=3534 outsize=2766 ok=1
Cmd: compileSnippet
  api=4 type=0 insize=508 outsize=4362 kw=DIRECTIONAL SHADOWS_OFF LIGHTMAP_OFF DIRLIGHTMAP_OFF ok=1
Cmd: compileSnippet
  api=4 type=1 insize=508 outsize=3809 kw=DIRECTIONAL SHADOWS_OFF LIGHTMAP_OFF DIRLIGHTMAP_OFF ok=1
Cmd: compileSnippet
  api=4 type=0 insize=506 outsize=4873 kw=POINT ok=1
Cmd: compileSnippet
  api=4 type=1 insize=506 outsize=4004 kw=POINT ok=1
Cmd: compileSnippet
  api=4 type=0 insize=515 outsize=1404 kw=SHADOWS_DEPTH ok=1
Cmd: compileSnippet
  api=4 type=1 insize=515 outsize=437 kw=SHADOWS_DEPTH ok=1
Cmd: preprocess
  insize=3397 outsize=2630 ok=1
Cmd: preprocess
  insize=4410 outsize=3264 ok=1
Cmd: compileSnippet
  api=4 type=0 insize=514 outsize=2956 kw=DIRECTIONAL SHADOWS_OFF LIGHTMAP_OFF DIRLIGHTMAP_OFF ok=1
Cmd: compileSnippet
  api=4 type=1 insize=514 outsize=852 kw=DIRECTIONAL SHADOWS_OFF LIGHTMAP_OFF DIRLIGHTMAP_OFF ok=1
Cmd: compileSnippet
  api=4 type=0 insize=512 outsize=1997 kw=POINT ok=1
Cmd: compileSnippet
  api=4 type=1 insize=512 outsize=1103 kw=POINT ok=1
Cmd: preprocess
  insize=2530 outsize=2196 ok=1
Cmd: preprocess
  insize=3145 outsize=2625 ok=1
Cmd: compileSnippet
  api=4 type=0 insize=449 outsize=1477 kw= ok=1
Cmd: compileSnippet
  api=4 type=1 insize=449 outsize=632 kw= ok=1
Cmd: compileSnippet
  api=4 type=0 insize=488 outsize=4565 kw=LIGHTMAP_OFF DIRLIGHTMAP_OFF HDR_LIGHT_PREPASS_OFF ok=1
Cmd: compileSnippet
  api=4 type=1 insize=488 outsize=5922 kw=LIGHTMAP_OFF DIRLIGHTMAP_OFF HDR_LIGHT_PREPASS_OFF ok=1
Cmd: compileSnippet
  api=4 type=0 insize=493 outsize=2858 kw=LIGHTMAP_OFF DIRLIGHTMAP_OFF HDR_LIGHT_PREPASS_OFF ok=1
Cmd: compileSnippet
  api=4 type=1 insize=493 outsize=575 kw=LIGHTMAP_OFF DIRLIGHTMAP_OFF HDR_LIGHT_PREPASS_OFF ok=1
Cmd: preprocess
  insize=3445 outsize=2678 ok=1
Cmd: preprocess
  insize=4364 outsize=3218 ok=1
Cmd: preprocess
  insize=4390 outsize=3252 ok=1
Cmd: compileSnippet
  api=4 type=0 insize=509 outsize=4362 kw=DIRECTIONAL SHADOWS_OFF LIGHTMAP_OFF DIRLIGHTMAP_OFF ok=1
Cmd: compileSnippet
  api=4 type=1 insize=509 outsize=3809 kw=DIRECTIONAL SHADOWS_OFF LIGHTMAP_OFF DIRLIGHTMAP_OFF ok=1
Cmd: compileSnippet
  api=4 type=0 insize=508 outsize=4873 kw=POINT ok=1
Cmd: compileSnippet
  api=4 type=1 insize=508 outsize=4004 kw=POINT ok=1
Cmd: compileSnippet
  api=4 type=0 insize=516 outsize=1404 kw=SHADOWS_DEPTH ok=1
Cmd: compileSnippet
  api=4 type=1 insize=516 outsize=437 kw=SHADOWS_DEPTH ok=1
Cmd: preprocess
  insize=2234 outsize=1113 ok=1
Cmd: compileSnippet
  api=4 type=0 insize=617 outsize=2314 kw=DIRECTIONAL SHADOWS_OFF LIGHTMAP_OFF DIRLIGHTMAP_OFF ok=1
Cmd: compileSnippet
  api=4 type=1 insize=617 outsize=1030 kw=DIRECTIONAL SHADOWS_OFF LIGHTMAP_OFF DIRLIGHTMAP_OFF ok=1
Cmd: compileSnippet
  api=4 type=0 insize=617 outsize=2371 kw=DIRECTIONAL SHADOWS_OFF LIGHTMAP_OFF DIRLIGHTMAP_OFF ok=1
Cmd: compileSnippet
  api=4 type=1 insize=617 outsize=1030 kw=DIRECTIONAL SHADOWS_OFF LIGHTMAP_OFF DIRLIGHTMAP_OFF ok=1
Cmd: compileSnippet
  api=4 type=0 insize=617 outsize=2371 kw=DIRECTIONAL SHADOWS_OFF LIGHTMAP_OFF DIRLIGHTMAP_OFF ok=1
Cmd: compileSnippet
  api=4 type=1 insize=617 outsize=1030 kw=DIRECTIONAL SHADOWS_OFF LIGHTMAP_OFF DIRLIGHTMAP_OFF ok=1
Cmd: compileSnippet
  api=4 type=0 insize=617 outsize=2371 kw=DIRECTIONAL SHADOWS_OFF LIGHTMAP_OFF DIRLIGHTMAP_OFF ok=1
Cmd: compileSnippet
  api=4 type=1 insize=617 outsize=973 kw=DIRECTIONAL SHADOWS_OFF LIGHTMAP_OFF DIRLIGHTMAP_OFF ok=1
Cmd: preprocess
  insize=3920 outsize=3073 ok=1
Cmd: compileSnippet
  api=4 type=0 insize=449 outsize=1477 kw= ok=1
Cmd: compileSnippet
  api=4 type=1 insize=449 outsize=632 kw= ok=1
Cmd: compileSnippet
  api=4 type=0 insize=489 outsize=4565 kw=LIGHTMAP_OFF DIRLIGHTMAP_OFF HDR_LIGHT_PREPASS_OFF ok=1
Cmd: compileSnippet
  api=4 type=1 insize=489 outsize=5922 kw=LIGHTMAP_OFF DIRLIGHTMAP_OFF HDR_LIGHT_PREPASS_OFF ok=1
Cmd: compileSnippet
  api=4 type=0 insize=489 outsize=4565 kw=LIGHTMAP_OFF DIRLIGHTMAP_OFF HDR_LIGHT_PREPASS_OFF ok=1
Cmd: compileSnippet
  api=4 type=1 insize=489 outsize=5922 kw=LIGHTMAP_OFF DIRLIGHTMAP_OFF HDR_LIGHT_PREPASS_OFF ok=1
Cmd: compileSnippet
  api=4 type=0 insize=494 outsize=2858 kw=LIGHTMAP_OFF DIRLIGHTMAP_OFF HDR_LIGHT_PREPASS_OFF ok=1
Cmd: compileSnippet
  api=4 type=1 insize=494 outsize=575 kw=LIGHTMAP_OFF DIRLIGHTMAP_OFF HDR_LIGHT_PREPASS_OFF ok=1
Cmd: preprocess
  insize=2511 outsize=2177 ok=1
Cmd: preprocess
  insize=3125 outsize=2604 ok=1
Cmd: compileSnippet
  api=4 type=0 insize=488 outsize=4565 kw=LIGHTMAP_OFF DIRLIGHTMAP_OFF HDR_LIGHT_PREPASS_OFF ok=1
Cmd: compileSnippet
  api=4 type=1 insize=488 outsize=5922 kw=LIGHTMAP_OFF DIRLIGHTMAP_OFF HDR_LIGHT_PREPASS_OFF ok=1
Cmd: compileSnippet
  api=4 type=0 insize=493 outsize=2858 kw=LIGHTMAP_OFF DIRLIGHTMAP_OFF HDR_LIGHT_PREPASS_OFF ok=1
Cmd: compileSnippet
  api=4 type=1 insize=493 outsize=575 kw=LIGHTMAP_OFF DIRLIGHTMAP_OFF HDR_LIGHT_PREPASS_OFF ok=1
Cmd: preprocess
  insize=3382 outsize=2822 ok=1
Cmd: compileSnippet
  api=4 type=0 insize=488 outsize=4565 kw=LIGHTMAP_OFF DIRLIGHTMAP_OFF HDR_LIGHT_PREPASS_OFF ok=1
Cmd: compileSnippet
  api=4 type=1 insize=488 outsize=5922 kw=LIGHTMAP_OFF DIRLIGHTMAP_OFF HDR_LIGHT_PREPASS_OFF ok=1
Cmd: compileSnippet
  api=4 type=0 insize=488 outsize=4565 kw=LIGHTMAP_OFF DIRLIGHTMAP_OFF HDR_LIGHT_PREPASS_OFF ok=1
Cmd: compileSnippet
  api=4 type=1 insize=488 outsize=5922 kw=LIGHTMAP_OFF DIRLIGHTMAP_OFF HDR_LIGHT_PREPASS_OFF ok=1
Cmd: compileSnippet
  api=4 type=0 insize=493 outsize=2858 kw=LIGHTMAP_OFF DIRLIGHTMAP_OFF HDR_LIGHT_PREPASS_OFF ok=1
Cmd: compileSnippet
  api=4 type=1 insize=493 outsize=575 kw=LIGHTMAP_OFF DIRLIGHTMAP_OFF HDR_LIGHT_PREPASS_OFF ok=1
Cmd: preprocess
  insize=3164 outsize=2643 ok=1
Cmd: compileSnippet
  api=4 type=0 insize=488 outsize=4565 kw=LIGHTMAP_OFF DIRLIGHTMAP_OFF HDR_LIGHT_PREPASS_OFF ok=1
Cmd: compileSnippet
  api=4 type=1 insize=488 outsize=5694 kw=LIGHTMAP_OFF DIRLIGHTMAP_OFF HDR_LIGHT_PREPASS_OFF ok=1
Cmd: preprocess
  insize=4282 outsize=3137 ok=1
Cmd: compileSnippet
  api=4 type=0 insize=514 outsize=2956 kw=DIRECTIONAL SHADOWS_OFF LIGHTMAP_OFF DIRLIGHTMAP_OFF ok=1
Cmd: compileSnippet
  api=4 type=1 insize=514 outsize=852 kw=DIRECTIONAL SHADOWS_OFF LIGHTMAP_OFF DIRLIGHTMAP_OFF ok=1
Cmd: compileSnippet
  api=4 type=0 insize=512 outsize=1997 kw=POINT ok=1
Cmd: compileSnippet
  api=4 type=1 insize=512 outsize=1103 kw=POINT ok=1
Cmd: preprocess
  insize=4330 outsize=3185 ok=1
Cmd: preprocess
  insize=4273 outsize=3128 ok=1
Cmd: preprocess
  insize=2594 outsize=2260 ok=1
Cmd: preprocess
  insize=3454 outsize=2687 ok=1
Cmd: preprocess
  insize=3049 outsize=2529 ok=1
Cmd: compileSnippet
  api=4 type=0 insize=488 outsize=4565 kw=LIGHTMAP_OFF DIRLIGHTMAP_OFF HDR_LIGHT_PREPASS_OFF ok=1
Cmd: compileSnippet
  api=4 type=1 insize=488 outsize=5922 kw=LIGHTMAP_OFF DIRLIGHTMAP_OFF HDR_LIGHT_PREPASS_OFF ok=1
Cmd: preprocess
  insize=4321 outsize=3176 ok=1
Cmd: preprocess
  insize=755 outsize=494 ok=1
Cmd: compileSnippet
  api=4 type=0 insize=563 outsize=575 kw= ok=1
Cmd: compileSnippet
  api=4 type=1 insize=563 outsize=437 kw= ok=1
Cmd: preprocess
  insize=2883 outsize=2511 ok=1
Cmd: compileSnippet
  api=4 type=0 insize=488 outsize=4565 kw=LIGHTMAP_OFF DIRLIGHTMAP_OFF HDR_LIGHT_PREPASS_OFF ok=1
Cmd: compileSnippet
  api=4 type=1 insize=488 outsize=5922 kw=LIGHTMAP_OFF DIRLIGHTMAP_OFF HDR_LIGHT_PREPASS_OFF ok=1
Cmd: preprocess
  insize=3421 outsize=2761 ok=1
Cmd: compileSnippet
  api=4 type=0 insize=488 outsize=4565 kw=LIGHTMAP_OFF DIRLIGHTMAP_OFF HDR_LIGHT_PREPASS_OFF ok=1
Cmd: compileSnippet
  api=4 type=1 insize=488 outsize=5922 kw=LIGHTMAP_OFF DIRLIGHTMAP_OFF HDR_LIGHT_PREPASS_OFF ok=1
Cmd: compileSnippet
  api=4 type=0 insize=489 outsize=4565 kw=LIGHTMAP_OFF DIRLIGHTMAP_OFF HDR_LIGHT_PREPASS_OFF ok=1
Cmd: compileSnippet
  api=4 type=1 insize=489 outsize=5922 kw=LIGHTMAP_OFF DIRLIGHTMAP_OFF HDR_LIGHT_PREPASS_OFF ok=1
Cmd: preprocess
  insize=4342 outsize=3204 ok=1
Cmd: preprocess
  insize=2656 outsize=2323 ok=1
Cmd: compileSnippet
  api=4 type=0 insize=488 outsize=4565 kw=LIGHTMAP_OFF DIRLIGHTMAP_OFF HDR_LIGHT_PREPASS_OFF ok=1
Cmd: compileSnippet
  api=4 type=1 insize=488 outsize=5922 kw=LIGHTMAP_OFF DIRLIGHTMAP_OFF HDR_LIGHT_PREPASS_OFF ok=1
Cmd: preprocess
  insize=2958 outsize=2582 ok=1
Cmd: compileSnippet
  api=4 type=0 insize=492 outsize=2858 kw=LIGHTMAP_OFF DIRLIGHTMAP_OFF HDR_LIGHT_PREPASS_OFF ok=1
Cmd: compileSnippet
  api=4 type=1 insize=492 outsize=575 kw=LIGHTMAP_OFF DIRLIGHTMAP_OFF HDR_LIGHT_PREPASS_OFF ok=1
Cmd: preprocess
  insize=5268 outsize=3752 ok=1
Cmd: compileSnippet
  api=4 type=0 insize=514 outsize=2956 kw=DIRECTIONAL SHADOWS_OFF LIGHTMAP_OFF DIRLIGHTMAP_OFF ok=1
Cmd: compileSnippet
  api=4 type=1 insize=514 outsize=852 kw=DIRECTIONAL SHADOWS_OFF LIGHTMAP_OFF DIRLIGHTMAP_OFF ok=1
Cmd: compileSnippet
  api=4 type=0 insize=512 outsize=1997 kw=POINT ok=1
Cmd: compileSnippet
  api=4 type=1 insize=512 outsize=1103 kw=POINT ok=1
Cmd: preprocess
  insize=3092 outsize=2571 ok=1
Cmd: preprocess
  insize=2458 outsize=2272 ok=1
Cmd: preprocess
  insize=5220 outsize=3704 ok=1
Cmd: preprocess
  insize=3486 outsize=2718 ok=1
Cmd: preprocess
  insize=4088 outsize=1854 ok=1
Cmd: compileSnippet
  api=4 type=0 insize=617 outsize=2314 kw=DIRECTIONAL SHADOWS_OFF LIGHTMAP_OFF DIRLIGHTMAP_OFF ok=1
Cmd: compileSnippet
  api=4 type=1 insize=617 outsize=1030 kw=DIRECTIONAL SHADOWS_OFF LIGHTMAP_OFF DIRLIGHTMAP_OFF ok=1
Cmd: compileSnippet
  api=4 type=0 insize=617 outsize=2371 kw=DIRECTIONAL SHADOWS_OFF LIGHTMAP_OFF DIRLIGHTMAP_OFF ok=1
Cmd: compileSnippet
  api=4 type=1 insize=617 outsize=1030 kw=DIRECTIONAL SHADOWS_OFF LIGHTMAP_OFF DIRLIGHTMAP_OFF ok=1
Cmd: compileSnippet
  api=4 type=0 insize=617 outsize=2371 kw=DIRECTIONAL SHADOWS_OFF LIGHTMAP_OFF DIRLIGHTMAP_OFF ok=1
Cmd: compileSnippet
  api=4 type=1 insize=617 outsize=1030 kw=DIRECTIONAL SHADOWS_OFF LIGHTMAP_OFF DIRLIGHTMAP_OFF ok=1
Cmd: compileSnippet
  api=4 type=0 insize=617 outsize=2371 kw=DIRECTIONAL SHADOWS_OFF LIGHTMAP_OFF DIRLIGHTMAP_OFF ok=1
Cmd: compileSnippet
  api=4 type=1 insize=617 outsize=1030 kw=DIRECTIONAL SHADOWS_OFF LIGHTMAP_OFF DIRLIGHTMAP_OFF ok=1
Cmd: compileSnippet
  api=4 type=0 insize=618 outsize=2371 kw=DIRECTIONAL SHADOWS_OFF LIGHTMAP_OFF DIRLIGHTMAP_OFF ok=1
Cmd: compileSnippet
  api=4 type=1 insize=618 outsize=1030 kw=DIRECTIONAL SHADOWS_OFF LIGHTMAP_OFF DIRLIGHTMAP_OFF ok=1
Cmd: compileSnippet
  api=4 type=0 insize=619 outsize=2371 kw=DIRECTIONAL SHADOWS_OFF LIGHTMAP_OFF DIRLIGHTMAP_OFF ok=1
Cmd: compileSnippet
  api=4 type=1 insize=619 outsize=1030 kw=DIRECTIONAL SHADOWS_OFF LIGHTMAP_OFF DIRLIGHTMAP_OFF ok=1
Cmd: compileSnippet
  api=4 type=0 insize=619 outsize=2371 kw=DIRECTIONAL SHADOWS_OFF LIGHTMAP_OFF DIRLIGHTMAP_OFF ok=1
Cmd: compileSnippet
  api=4 type=1 insize=619 outsize=1030 kw=DIRECTIONAL SHADOWS_OFF LIGHTMAP_OFF DIRLIGHTMAP_OFF ok=1
Cmd: compileSnippet
  api=4 type=0 insize=619 outsize=2371 kw=DIRECTIONAL SHADOWS_OFF LIGHTMAP_OFF DIRLIGHTMAP_OFF ok=1
Cmd: compileSnippet
  api=4 type=1 insize=619 outsize=973 kw=DIRECTIONAL SHADOWS_OFF LIGHTMAP_OFF DIRLIGHTMAP_OFF ok=1
